<?xml version="1.0" encoding="UTF-8"?>
<testng-results ignored="0" total="1" passed="1" failed="0" skipped="0">
  <reporter-output>
  </reporter-output>
  <suite started-at="2019-12-02T17:07:43 IST" name="Default suite" finished-at="2019-12-02T17:08:16 IST" duration-ms="32343">
    <groups>
    </groups>
    <test started-at="2019-12-02T17:07:43 IST" name="Default test" finished-at="2019-12-02T17:08:16 IST" duration-ms="32343">
      <class name="NewTest">
        <test-method signature="test()[pri:0, instance:NewTest@689604d9]" started-at="2019-12-02T17:07:44 IST" name="test" finished-at="2019-12-02T17:08:16 IST" duration-ms="32305" status="PASS">
          <reporter-output>
          </reporter-output>
        </test-method> <!-- test -->
      </class> <!-- NewTest -->
    </test> <!-- Default test -->
  </suite> <!-- Default suite -->
</testng-results>
